
-----
Test: tests/test_login.py::TestLogin::test_login_valid_data (setup)
Start time: 2023-06-13 20:00:23.849850
Request method: POST
Request URL: https://try.vikunja.io/api/v1/register

Response status code: 200
Response text: {"id":14,"name":"","username":"testname_login","email":"testloginmail@gmail.com","created":"2023-06-13T19:00:23+02:00","updated":"2023-06-13T19:00:23.915537911+02:00"}

Response headers: {'Content-Length': '168', 'Content-Type': 'application/json; charset=UTF-8', 'Date': 'Tue, 13 Jun 2023 17:00:23 GMT', 'Permissions-Policy': 'interest-cohort=()', 'Vary': 'Origin', 'X-Ratelimit-Limit': '10', 'X-Ratelimit-Remaining': '7', 'X-Ratelimit-Reset': '1686675632'}
Response cookies: {}

-----

-----
Test: tests/test_login.py::TestLogin::test_login_valid_data (call)
Start time: 2023-06-13 20:00:24.311510
Request method: POST
Request URL: https://try.vikunja.io/api/v1/login

Response status code: 200
Response text: {"token":"eyJhbGciOiJIUzI1NiIsInR5cCI6IkpXVCJ9.eyJlbWFpbCI6IiIsImVtYWlsUmVtaW5kZXJzRW5hYmxlZCI6ZmFsc2UsImV4cCI6MTY4NjkzNDgyNCwiaWQiOjE0LCJpc0xvY2FsVXNlciI6dHJ1ZSwibG9uZyI6ZmFsc2UsIm5hbWUiOiIiLCJ0eXBlIjoxLCJ1c2VybmFtZSI6InRlc3RuYW1lX2xvZ2luIn0.FJ-A56XMfjGATJO6RtWMIWRmaADp7CL_jlY8ccjH3b4"}

Response headers: {'Content-Length': '289', 'Content-Type': 'application/json; charset=UTF-8', 'Date': 'Tue, 13 Jun 2023 17:00:24 GMT', 'Permissions-Policy': 'interest-cohort=()', 'Vary': 'Origin', 'X-Ratelimit-Limit': '10', 'X-Ratelimit-Remaining': '6', 'X-Ratelimit-Reset': '1686675632'}
Response cookies: {}

-----

-----
Test: tests/test_login.py::TestLogin::test_login_invalid_data (call)
Start time: 2023-06-13 20:00:24.668986
Request method: POST
Request URL: https://try.vikunja.io/api/v1/login

Response status code: 412
Response text: {"code":1011,"message":"Wrong username or password."}

Response headers: {'Content-Length': '54', 'Content-Type': 'application/json; charset=UTF-8', 'Date': 'Tue, 13 Jun 2023 17:00:24 GMT', 'Permissions-Policy': 'interest-cohort=()', 'Vary': 'Origin', 'X-Ratelimit-Limit': '10', 'X-Ratelimit-Remaining': '5', 'X-Ratelimit-Reset': '1686675632'}
Response cookies: {}

-----

-----
Test: tests/test_login.py::TestLogin::test_login_without_password (call)
Start time: 2023-06-13 20:00:25.398806
Request method: POST
Request URL: https://try.vikunja.io/api/v1/login

Response status code: 400
Response text: {"code":1004,"message":"Please specify a username and a password."}

Response headers: {'Content-Length': '68', 'Content-Type': 'application/json; charset=UTF-8', 'Date': 'Tue, 13 Jun 2023 17:00:25 GMT', 'Permissions-Policy': 'interest-cohort=()', 'Vary': 'Origin', 'X-Ratelimit-Limit': '10', 'X-Ratelimit-Remaining': '4', 'X-Ratelimit-Reset': '1686675632'}
Response cookies: {}

-----

-----
Test: tests/test_login.py::TestLogin::test_login_without_username (call)
Start time: 2023-06-13 20:00:25.594222
Request method: POST
Request URL: https://try.vikunja.io/api/v1/login

Response status code: 400
Response text: {"code":1004,"message":"Please specify a username and a password."}

Response headers: {'Content-Length': '68', 'Content-Type': 'application/json; charset=UTF-8', 'Date': 'Tue, 13 Jun 2023 17:00:25 GMT', 'Permissions-Policy': 'interest-cohort=()', 'Vary': 'Origin', 'X-Ratelimit-Limit': '10', 'X-Ratelimit-Remaining': '3', 'X-Ratelimit-Reset': '1686675632'}
Response cookies: {}

-----

-----
Test: tests/test_login.py::TestLogin::test_login_empty_data (call)
Start time: 2023-06-13 20:00:25.798220
Request method: POST
Request URL: https://try.vikunja.io/api/v1/login

Response status code: 400
Response text: {"code":1004,"message":"Please specify a username and a password."}

Response headers: {'Content-Length': '68', 'Content-Type': 'application/json; charset=UTF-8', 'Date': 'Tue, 13 Jun 2023 17:00:25 GMT', 'Permissions-Policy': 'interest-cohort=()', 'Vary': 'Origin', 'X-Ratelimit-Limit': '10', 'X-Ratelimit-Remaining': '2', 'X-Ratelimit-Reset': '1686675632'}
Response cookies: {}

-----

-----
Test: tests/test_login.py::TestLogin::test_login_long_token (call)
Start time: 2023-06-13 20:00:26.000015
Request method: POST
Request URL: https://try.vikunja.io/api/v1/login

Response status code: 200
Response text: {"token":"eyJhbGciOiJIUzI1NiIsInR5cCI6IkpXVCJ9.eyJlbWFpbCI6IiIsImVtYWlsUmVtaW5kZXJzRW5hYmxlZCI6ZmFsc2UsImV4cCI6MTY4OTI2NzYyNSwiaWQiOjE0LCJpc0xvY2FsVXNlciI6dHJ1ZSwibG9uZyI6dHJ1ZSwibmFtZSI6IiIsInR5cGUiOjEsInVzZXJuYW1lIjoidGVzdG5hbWVfbG9naW4ifQ.gdeSdfVAOzho8GLlcgo5dFo0kOeWk4XkbbBevf0TDqU"}

Response headers: {'Content-Length': '288', 'Content-Type': 'application/json; charset=UTF-8', 'Date': 'Tue, 13 Jun 2023 17:00:25 GMT', 'Permissions-Policy': 'interest-cohort=()', 'Vary': 'Origin', 'X-Ratelimit-Limit': '10', 'X-Ratelimit-Remaining': '1', 'X-Ratelimit-Reset': '1686675632'}
Response cookies: {}

-----
