
-----
Test: tests/test_register.py::TestRegister::test_register_new_user (call)
Start time: 2023-06-13 19:54:42.551944
Request method: POST
Request URL: https://try.vikunja.io/api/v1/register

Response status code: 200
Response text: {"id":8,"name":"","username":"LJb","email":"xtti_nst3h@gmail.com","created":"2023-06-13T18:54:42+02:00","updated":"2023-06-13T18:54:42.539666684+02:00"}

Response headers: {'Content-Length': '153', 'Content-Type': 'application/json; charset=UTF-8', 'Date': 'Tue, 13 Jun 2023 16:54:42 GMT', 'Permissions-Policy': 'interest-cohort=()', 'Vary': 'Origin', 'X-Ratelimit-Limit': '10', 'X-Ratelimit-Remaining': '9', 'X-Ratelimit-Reset': '1686675342'}
Response cookies: {}

-----

-----
Test: tests/test_register.py::TestRegister::test_register_not_new_user (call)
Start time: 2023-06-13 19:54:42.991916
Request method: POST
Request URL: https://try.vikunja.io/api/v1/register

Response status code: 200
Response text: {"id":9,"name":"","username":"testname","email":"testmail@gmail.com","created":"2023-06-13T18:54:42+02:00","updated":"2023-06-13T18:54:42.914266406+02:00"}

Response headers: {'Content-Length': '156', 'Content-Type': 'application/json; charset=UTF-8', 'Date': 'Tue, 13 Jun 2023 16:54:42 GMT', 'Permissions-Policy': 'interest-cohort=()', 'Vary': 'Origin', 'X-Ratelimit-Limit': '10', 'X-Ratelimit-Remaining': '8', 'X-Ratelimit-Reset': '1686675342'}
Response cookies: {}

-----

-----
Test: tests/test_register.py::TestRegister::test_register_not_new_user (call)
Start time: 2023-06-13 19:54:43.346186
Request method: POST
Request URL: https://try.vikunja.io/api/v1/register

Response status code: 400
Response text: {"code":1001,"message":"A user with this username already exists."}

Response headers: {'Content-Length': '68', 'Content-Type': 'application/json; charset=UTF-8', 'Date': 'Tue, 13 Jun 2023 16:54:43 GMT', 'Permissions-Policy': 'interest-cohort=()', 'Vary': 'Origin', 'X-Ratelimit-Limit': '10', 'X-Ratelimit-Remaining': '7', 'X-Ratelimit-Reset': '1686675342'}
Response cookies: {}

-----

-----
Test: tests/test_register.py::TestRegister::test_register_new_user_short_password (call)
Start time: 2023-06-13 19:54:43.554577
Request method: POST
Request URL: https://try.vikunja.io/api/v1/register

Response status code: 200
Response text: {"id":10,"name":"","username":"nZMhsZuCS8","email":"lrtsy19niz@gmail.com","created":"2023-06-13T18:54:43+02:00","updated":"2023-06-13T18:54:43.488097421+02:00"}

Response headers: {'Content-Length': '161', 'Content-Type': 'application/json; charset=UTF-8', 'Date': 'Tue, 13 Jun 2023 16:54:43 GMT', 'Permissions-Policy': 'interest-cohort=()', 'Vary': 'Origin', 'X-Ratelimit-Limit': '10', 'X-Ratelimit-Remaining': '6', 'X-Ratelimit-Reset': '1686675342'}
Response cookies: {}

-----

-----
Test: tests/test_register.py::TestRegister::test_register_new_user_short_username (call)
Start time: 2023-06-13 19:54:44.364454
Request method: POST
Request URL: https://try.vikunja.io/api/v1/register

Response status code: 200
Response text: {"id":11,"name":"","username":"2C","email":"_mxwdgdf@gmail.com","created":"2023-06-13T18:54:44+02:00","updated":"2023-06-13T18:54:44.299374256+02:00"}

Response headers: {'Content-Length': '151', 'Content-Type': 'application/json; charset=UTF-8', 'Date': 'Tue, 13 Jun 2023 16:54:44 GMT', 'Permissions-Policy': 'interest-cohort=()', 'Vary': 'Origin', 'X-Ratelimit-Limit': '10', 'X-Ratelimit-Remaining': '5', 'X-Ratelimit-Reset': '1686675342'}
Response cookies: {}

-----

-----
Test: tests/test_register.py::TestRegister::test_register_new_user_not_unique_id (call)
Start time: 2023-06-13 19:54:44.759984
Request method: POST
Request URL: https://try.vikunja.io/api/v1/register

Response status code: 500
Response text: {"message":"Internal Server Error"}

Response headers: {'Content-Length': '36', 'Content-Type': 'application/json; charset=UTF-8', 'Date': 'Tue, 13 Jun 2023 16:54:44 GMT', 'Permissions-Policy': 'interest-cohort=()', 'Vary': 'Origin', 'X-Ratelimit-Limit': '10', 'X-Ratelimit-Remaining': '4', 'X-Ratelimit-Reset': '1686675342'}
Response cookies: {}

-----

-----
Test: tests/test_register.py::TestRegister::test_register_new_user_without_email (call)
Start time: 2023-06-13 19:54:45.117632
Request method: POST
Request URL: https://try.vikunja.io/api/v1/register

Response status code: 400
Response text: {"code":1004,"message":"Please specify a username and a password."}

Response headers: {'Content-Length': '68', 'Content-Type': 'application/json; charset=UTF-8', 'Date': 'Tue, 13 Jun 2023 16:54:44 GMT', 'Permissions-Policy': 'interest-cohort=()', 'Vary': 'Origin', 'X-Ratelimit-Limit': '10', 'X-Ratelimit-Remaining': '3', 'X-Ratelimit-Reset': '1686675342'}
Response cookies: {}

-----

-----
Test: tests/test_register.py::TestRegister::test_register_new_user_without_password (call)
Start time: 2023-06-13 19:54:45.340251
Request method: POST
Request URL: https://try.vikunja.io/api/v1/register

Response status code: 400
Response text: {"code":1004,"message":"Please specify a username and a password."}

Response headers: {'Content-Length': '68', 'Content-Type': 'application/json; charset=UTF-8', 'Date': 'Tue, 13 Jun 2023 16:54:45 GMT', 'Permissions-Policy': 'interest-cohort=()', 'Vary': 'Origin', 'X-Ratelimit-Limit': '10', 'X-Ratelimit-Remaining': '2', 'X-Ratelimit-Reset': '1686675342'}
Response cookies: {}

-----

-----
Test: tests/test_register.py::TestRegister::test_register_new_user_without_username (call)
Start time: 2023-06-13 19:54:45.575955
Request method: POST
Request URL: https://try.vikunja.io/api/v1/register

Response status code: 400
Response text: {"code":1004,"message":"Please specify a username and a password."}

Response headers: {'Content-Length': '68', 'Content-Type': 'application/json; charset=UTF-8', 'Date': 'Tue, 13 Jun 2023 16:54:45 GMT', 'Permissions-Policy': 'interest-cohort=()', 'Vary': 'Origin', 'X-Ratelimit-Limit': '10', 'X-Ratelimit-Remaining': '1', 'X-Ratelimit-Reset': '1686675342'}
Response cookies: {}

-----

-----
Test: tests/test_register.py::TestRegister::test_register_new_user_with_empty_data (call)
Start time: 2023-06-13 19:54:45.815502
Request method: POST
Request URL: https://try.vikunja.io/api/v1/register

Response status code: 400
Response text: {"code":1004,"message":"Please specify a username and a password."}

Response headers: {'Content-Length': '68', 'Content-Type': 'application/json; charset=UTF-8', 'Date': 'Tue, 13 Jun 2023 16:54:45 GMT', 'Permissions-Policy': 'interest-cohort=()', 'Vary': 'Origin', 'X-Ratelimit-Limit': '10', 'X-Ratelimit-Remaining': '0', 'X-Ratelimit-Reset': '1686675342'}
Response cookies: {}

-----

-----
Test: tests/test_register.py::TestRegister::test_register_new_user_with_long_email (call)
Start time: 2023-06-13 19:54:46.041002
Request method: POST
Request URL: https://try.vikunja.io/api/v1/register

Response status code: 429
Response text: {"message":"Too Many Requests on /api/v1/register"}

Response headers: {'Content-Length': '52', 'Content-Type': 'application/json; charset=UTF-8', 'Date': 'Tue, 13 Jun 2023 16:54:45 GMT', 'Permissions-Policy': 'interest-cohort=()', 'Vary': 'Origin', 'X-Ratelimit-Limit': '10', 'X-Ratelimit-Remaining': '0', 'X-Ratelimit-Reset': '1686675342'}
Response cookies: {}

-----

-----
Test: tests/test_register.py::TestRegister::test_register_new_user_with_invalid_email (call)
Start time: 2023-06-13 19:54:46.281849
Request method: POST
Request URL: https://try.vikunja.io/api/v1/register

Response status code: 429
Response text: {"message":"Too Many Requests on /api/v1/register"}

Response headers: {'Content-Length': '52', 'Content-Type': 'application/json; charset=UTF-8', 'Date': 'Tue, 13 Jun 2023 16:54:46 GMT', 'Permissions-Policy': 'interest-cohort=()', 'Vary': 'Origin', 'X-Ratelimit-Limit': '10', 'X-Ratelimit-Remaining': '0', 'X-Ratelimit-Reset': '1686675342'}
Response cookies: {}

-----
